<?xml version="1.0" encoding="UTF-8"?>
<testng-results ignored="0" total="3" passed="3" failed="0" skipped="0">
  <reporter-output>
  </reporter-output>
  <suite started-at="2022-07-18T10:46:38Z" name="Suite" finished-at="2022-07-18T10:46:38Z" duration-ms="53">
    <groups>
    </groups>
    <test started-at="2022-07-18T10:46:38Z" name="Test" finished-at="2022-07-18T10:46:38Z" duration-ms="53">
      <class name="org.TYSS.Project.example.ExampleTest1">
        <test-method signature="alpha()[pri:0, instance:org.TYSS.Project.example.ExampleTest1@75437611]" started-at="2022-07-18T10:46:38Z" name="alpha" finished-at="2022-07-18T10:46:38Z" duration-ms="14" status="PASS">
          <reporter-output>
          </reporter-output>
        </test-method> <!-- alpha -->
        <test-method signature="practiceTest()[pri:0, instance:org.TYSS.Project.example.ExampleTest1@75437611]" started-at="2022-07-18T10:46:38Z" name="practiceTest" finished-at="2022-07-18T10:46:38Z" duration-ms="3" status="PASS">
          <reporter-output>
          </reporter-output>
        </test-method> <!-- practiceTest -->
        <test-method signature="welcometest()[pri:0, instance:org.TYSS.Project.example.ExampleTest1@75437611]" started-at="2022-07-18T10:46:38Z" name="welcometest" finished-at="2022-07-18T10:46:38Z" duration-ms="3" status="PASS">
          <reporter-output>
          </reporter-output>
        </test-method> <!-- welcometest -->
      </class> <!-- org.TYSS.Project.example.ExampleTest1 -->
    </test> <!-- Test -->
  </suite> <!-- Suite -->
</testng-results>
