<?xml version="1.0" encoding="UTF-8"?>
<!-- Generated by org.testng.reporters.JUnitXMLReporter -->
<testsuite ignored="0" hostname="DESKTOP-C0PBQMC" failures="0" tests="3" name="Test" time="0.053" errors="0" timestamp="18 Jul 2022 10:46:38 GMT">
  <testcase classname="org.TYSS.Project.example.ExampleTest1" name="alpha" time="0.014"/>
  <testcase classname="org.TYSS.Project.example.ExampleTest1" name="practiceTest" time="0.003"/>
  <testcase classname="org.TYSS.Project.example.ExampleTest1" name="welcometest" time="0.003"/>
</testsuite> <!-- Test -->
